Build started 27/05/2014 20:30:35.
     1>Project "C:\Users\Adam\Desktop\uni staff\graphics to zip\Graphics assignment v7.1\Graphics assignment\Graphics assignment.vcxproj" on node 2 (build target(s)).
     1>InitializeBuildStatus:
         Creating "Release\Graphics assignment.unsuccessfulbuild" because "AlwaysCreate" was specified.
       ClCompile:
         c:\Program Files (x86)\Microsoft Visual Studio 10.0\VC\bin\CL.exe /c /Zi /nologo /W3 /WX- /O2 /Oi /Oy- /GL /D WIN32 /D NDEBUG /D _CONSOLE /D _UNICODE /D UNICODE /Gm- /EHsc /MD /GS /Gy /fp:precise /Zc:wchar_t /Zc:forScope /Yc"StdAfx.h" /Fp"Release\Graphics assignment.pch" /Fo"Release\\" /Fd"Release\vc100.pdb" /Gd /TP /analyze- /errorReport:prompt stdafx.cpp
         stdafx.cpp
         c:\Program Files (x86)\Microsoft Visual Studio 10.0\VC\bin\CL.exe /c /Zi /nologo /W3 /WX- /O2 /Oi /Oy- /GL /D WIN32 /D NDEBUG /D _CONSOLE /D _UNICODE /D UNICODE /Gm- /EHsc /MD /GS /Gy /fp:precise /Zc:wchar_t /Zc:forScope /Yu"StdAfx.h" /Fp"Release\Graphics assignment.pch" /Fo"Release\\" /Fd"Release\vc100.pdb" /Gd /TP /analyze- /errorReport:prompt "Graphics assignment.cpp" imageloader.cpp
         Graphics assignment.cpp
         imageloader.cpp
       Link:
         c:\Program Files (x86)\Microsoft Visual Studio 10.0\VC\bin\link.exe /ERRORREPORT:PROMPT /OUT:"C:\Users\Adam\Desktop\uni staff\graphics to zip\Graphics assignment v7.1\Release\Graphics assignment.exe" /INCREMENTAL:NO /NOLOGO kernel32.lib user32.lib gdi32.lib winspool.lib comdlg32.lib advapi32.lib shell32.lib ole32.lib oleaut32.lib uuid.lib odbc32.lib odbccp32.lib /MANIFEST /ManifestFile:"Release\Graphics assignment.exe.intermediate.manifest" /MANIFESTUAC:"level='asInvoker' uiAccess='false'" /DEBUG /PDB:"C:\Users\Adam\Desktop\uni staff\graphics to zip\Graphics assignment v7.1\Release\Graphics assignment.pdb" /SUBSYSTEM:CONSOLE /OPT:REF /OPT:ICF /LTCG /TLBID:1 /DYNAMICBASE /NXCOMPAT /IMPLIB:"C:\Users\Adam\Desktop\uni staff\graphics to zip\Graphics assignment v7.1\Release\Graphics assignment.lib" /MACHINE:X86 "Release\Graphics assignment.obj"
         Release\imageloader.obj
         Release\stdafx.obj
         Generating code
         Finished generating code
         Graphics assignment.vcxproj -> C:\Users\Adam\Desktop\uni staff\graphics to zip\Graphics assignment v7.1\Release\Graphics assignment.exe
       Manifest:
         C:\Program Files (x86)\Microsoft SDKs\Windows\v7.0A\bin\mt.exe /nologo /verbose /outputresource:"C:\Users\Adam\Desktop\uni staff\graphics to zip\Graphics assignment v7.1\Release\Graphics assignment.exe;#1" /manifest "Release\Graphics assignment.exe.intermediate.manifest"
       FinalizeBuildStatus:
         Deleting file "Release\Graphics assignment.unsuccessfulbuild".
         Touching "Release\Graphics assignment.lastbuildstate".
     1>Done Building Project "C:\Users\Adam\Desktop\uni staff\graphics to zip\Graphics assignment v7.1\Graphics assignment\Graphics assignment.vcxproj" (build target(s)).

Build succeeded.

Time Elapsed 00:00:03.19
